app/build/intermediates/manifest_merge_blame_file/release/processReleaseMainManifest/manifest-merger-blame-release-report.txt
1<?xml version="1.0" encoding="utf-8"?>
2<manifest xmlns:android="http://schemas.android.com/apk/res/android"
3    package="reader.aigd"
4    android:versionCode="1"
5    android:versionName="1.0" >
6
7    <uses-sdk
7-->INJECTED
8        android:minSdkVersion="24"
8-->INJECTED
9        android:targetSdkVersion="36" />
9-->INJECTED
10
11    <!-- ============================================== -->
12    <!-- NETWORK PERMISSIONS -->
13    <!-- ============================================== -->
14    <uses-permission android:name="android.permission.INTERNET" />
14-->src\main\AndroidManifest.xml:8:5-67
14-->src\main\AndroidManifest.xml:8:22-64
15    <uses-permission android:name="android.permission.ACCESS_NETWORK_STATE" />
15-->src\main\AndroidManifest.xml:9:5-79
15-->src\main\AndroidManifest.xml:9:22-76
16
17    <!-- ============================================== -->
18    <!-- STORAGE PERMISSIONS (For saving audio/files) -->
19    <!-- ============================================== -->
20    <uses-permission android:name="android.permission.WRITE_EXTERNAL_STORAGE" />
20-->src\main\AndroidManifest.xml:14:5-81
20-->src\main\AndroidManifest.xml:14:22-78
21    <uses-permission android:name="android.permission.READ_EXTERNAL_STORAGE" />
21-->src\main\AndroidManifest.xml:15:5-80
21-->src\main\AndroidManifest.xml:15:22-77
22    <uses-permission android:name="android.permission.MANAGE_EXTERNAL_STORAGE" />
22-->src\main\AndroidManifest.xml:16:5-18:40
22-->src\main\AndroidManifest.xml:17:9-66
23
24    <!-- ============================================== -->
25    <!-- AUDIO PERMISSIONS -->
26    <!-- ============================================== -->
27    <uses-permission android:name="android.permission.RECORD_AUDIO" />
27-->src\main\AndroidManifest.xml:23:5-71
27-->src\main\AndroidManifest.xml:23:22-68
28
29    <!-- ============================================== -->
30    <!-- OVERLAY PERMISSION (Floating Teleprompter) -->
31    <!-- ============================================== -->
32    <uses-permission android:name="android.permission.SYSTEM_ALERT_WINDOW" />
32-->src\main\AndroidManifest.xml:28:5-78
32-->src\main\AndroidManifest.xml:28:22-75
33
34    <!-- ============================================== -->
35    <!-- NOTIFICATION PERMISSION (Android 13+) -->
36    <!-- ============================================== -->
37    <uses-permission android:name="android.permission.POST_NOTIFICATIONS" />
37-->src\main\AndroidManifest.xml:33:5-77
37-->src\main\AndroidManifest.xml:33:22-74
38
39    <!-- ============================================== -->
40    <!-- FOREGROUND SERVICE PERMISSIONS -->
41    <!-- ============================================== -->
42    <uses-permission android:name="android.permission.FOREGROUND_SERVICE" />
42-->src\main\AndroidManifest.xml:38:5-77
42-->src\main\AndroidManifest.xml:38:22-74
43    <uses-permission android:name="android.permission.FOREGROUND_SERVICE_SPECIAL_USE" />
43-->src\main\AndroidManifest.xml:39:5-89
43-->src\main\AndroidManifest.xml:39:22-86
44
45    <!-- ============================================== -->
46    <!-- VIBRATION PERMISSION -->
47    <!-- ============================================== -->
48    <uses-permission android:name="android.permission.VIBRATE" />
48-->src\main\AndroidManifest.xml:44:5-66
48-->src\main\AndroidManifest.xml:44:22-63
49    <uses-permission android:name="android.permission.ACCESS_WIFI_STATE" />
49-->[com.startapp:inapp-sdk:5.2.5] AndroidManifest.xml:8:5-76
49-->[com.startapp:inapp-sdk:5.2.5] AndroidManifest.xml:8:22-73
50    <uses-permission android:name="android.permission.RECEIVE_BOOT_COMPLETED" />
50-->[com.startapp:inapp-sdk:5.2.5] AndroidManifest.xml:10:5-81
50-->[com.startapp:inapp-sdk:5.2.5] AndroidManifest.xml:10:22-78
51    <uses-permission android:name="com.google.android.finsky.permission.BIND_GET_INSTALL_REFERRER_SERVICE" />
51-->[com.startapp:inapp-sdk:5.2.5] AndroidManifest.xml:11:5-110
51-->[com.startapp:inapp-sdk:5.2.5] AndroidManifest.xml:11:22-107
52    <uses-permission android:name="com.google.android.gms.permission.AD_ID" />
52-->[com.startapp:inapp-sdk:5.2.5] AndroidManifest.xml:12:5-79
52-->[com.startapp:inapp-sdk:5.2.5] AndroidManifest.xml:12:22-76
53    <uses-permission android:name="android.permission.ACCESS_ADSERVICES_TOPICS" />
53-->[com.startapp:inapp-sdk:5.2.5] AndroidManifest.xml:13:5-83
53-->[com.startapp:inapp-sdk:5.2.5] AndroidManifest.xml:13:22-80
54
55    <queries>
55-->[com.startapp:inapp-sdk:5.2.5] AndroidManifest.xml:15:5-19:15
56        <intent>
56-->[com.startapp:inapp-sdk:5.2.5] AndroidManifest.xml:16:9-18:18
57            <action android:name="android.intent.action.MAIN" />
57-->src\main\AndroidManifest.xml:74:17-69
57-->src\main\AndroidManifest.xml:74:25-66
58        </intent>
59    </queries>
60
61    <permission
61-->[androidx.core:core:1.18.0] AndroidManifest.xml:22:5-24:47
62        android:name="reader.aigd.DYNAMIC_RECEIVER_NOT_EXPORTED_PERMISSION"
62-->[androidx.core:core:1.18.0] AndroidManifest.xml:23:9-81
63        android:protectionLevel="signature" />
63-->[androidx.core:core:1.18.0] AndroidManifest.xml:24:9-44
64
65    <uses-permission android:name="reader.aigd.DYNAMIC_RECEIVER_NOT_EXPORTED_PERMISSION" /> <!-- ============================================== -->
65-->[androidx.core:core:1.18.0] AndroidManifest.xml:26:5-97
65-->[androidx.core:core:1.18.0] AndroidManifest.xml:26:22-94
66    <!-- APPLICATION -->
67    <!-- ============================================== -->
68    <application
68-->src\main\AndroidManifest.xml:49:5-188:19
69        android:allowBackup="true"
69-->src\main\AndroidManifest.xml:50:9-35
70        android:appComponentFactory="androidx.core.app.CoreComponentFactory"
70-->[androidx.core:core:1.18.0] AndroidManifest.xml:28:18-86
71        android:dataExtractionRules="@xml/data_extraction_rules"
71-->src\main\AndroidManifest.xml:51:9-65
72        android:extractNativeLibs="false"
72-->INJECTED
73        android:fullBackupContent="@xml/backup_rules"
73-->src\main\AndroidManifest.xml:52:9-54
74        android:icon="@drawable/i"
74-->src\main\AndroidManifest.xml:53:9-35
75        android:label="@string/app_name"
75-->src\main\AndroidManifest.xml:54:9-41
76        android:requestLegacyExternalStorage="true"
76-->src\main\AndroidManifest.xml:55:9-52
77        android:roundIcon="@drawable/i"
77-->src\main\AndroidManifest.xml:56:9-40
78        android:supportsRtl="true"
78-->src\main\AndroidManifest.xml:57:9-35
79        android:theme="@style/Theme.Reader"
79-->src\main\AndroidManifest.xml:58:9-44
80        android:usesCleartextTraffic="true" >
80-->src\main\AndroidManifest.xml:59:9-44
81
82        <!-- ============================================== -->
83        <!-- ACTIVITIES -->
84        <!-- ============================================== -->
85
86
87        <!-- Splash Activity (Launcher) -->
88        <activity
88-->src\main\AndroidManifest.xml:68:9-78:20
89            android:name="reader.aigd.SplashActivity"
89-->src\main\AndroidManifest.xml:69:13-43
90            android:exported="true"
90-->src\main\AndroidManifest.xml:70:13-36
91            android:theme="@style/Theme.Reader"
91-->src\main\AndroidManifest.xml:71:13-48
92            android:windowSoftInputMode="adjustResize" >
92-->src\main\AndroidManifest.xml:72:13-55
93            <intent-filter>
93-->src\main\AndroidManifest.xml:73:13-77:29
94                <action android:name="android.intent.action.MAIN" />
94-->src\main\AndroidManifest.xml:74:17-69
94-->src\main\AndroidManifest.xml:74:25-66
95
96                <category android:name="android.intent.category.LAUNCHER" />
96-->src\main\AndroidManifest.xml:76:17-77
96-->src\main\AndroidManifest.xml:76:27-74
97            </intent-filter>
98        </activity>
99
100        <!-- Home Activity -->
101        <activity
101-->src\main\AndroidManifest.xml:81:9-84:58
102            android:name="reader.aigd.HomeActivity"
102-->src\main\AndroidManifest.xml:82:13-41
103            android:exported="false"
103-->src\main\AndroidManifest.xml:83:13-37
104            android:windowSoftInputMode="adjustResize" />
104-->src\main\AndroidManifest.xml:84:13-55
105
106        <!-- About Activity -->
107        <activity
107-->src\main\AndroidManifest.xml:87:9-90:58
108            android:name="reader.aigd.AboutActivity"
108-->src\main\AndroidManifest.xml:88:13-42
109            android:exported="false"
109-->src\main\AndroidManifest.xml:89:13-37
110            android:windowSoftInputMode="adjustResize" />
110-->src\main\AndroidManifest.xml:90:13-55
111
112        <!-- Editor Activity -->
113        <activity
113-->src\main\AndroidManifest.xml:93:9-96:58
114            android:name="reader.aigd.EditorActivity"
114-->src\main\AndroidManifest.xml:94:13-43
115            android:exported="false"
115-->src\main\AndroidManifest.xml:95:13-37
116            android:windowSoftInputMode="adjustResize" />
116-->src\main\AndroidManifest.xml:96:13-55
117
118        <!-- Add Script Activity -->
119        <activity
119-->src\main\AndroidManifest.xml:99:9-102:58
120            android:name="reader.aigd.AddScriptActivity"
120-->src\main\AndroidManifest.xml:100:13-46
121            android:exported="false"
121-->src\main\AndroidManifest.xml:101:13-37
122            android:windowSoftInputMode="adjustResize" />
122-->src\main\AndroidManifest.xml:102:13-55
123
124        <!-- TTS Activity -->
125        <activity
125-->src\main\AndroidManifest.xml:105:9-108:58
126            android:name="reader.aigd.TTSActivity"
126-->src\main\AndroidManifest.xml:106:13-40
127            android:exported="false"
127-->src\main\AndroidManifest.xml:107:13-37
128            android:windowSoftInputMode="adjustResize" />
128-->src\main\AndroidManifest.xml:108:13-55
129
130        <!-- STT Activity -->
131        <activity
131-->src\main\AndroidManifest.xml:111:9-114:58
132            android:name="reader.aigd.STTActivity"
132-->src\main\AndroidManifest.xml:112:13-40
133            android:exported="false"
133-->src\main\AndroidManifest.xml:113:13-37
134            android:windowSoftInputMode="adjustResize" />
134-->src\main\AndroidManifest.xml:114:13-55
135
136        <!-- Overlay Manager Activity -->
137        <activity
137-->src\main\AndroidManifest.xml:117:9-120:58
138            android:name="reader.aigd.OverlayManagerActivity"
138-->src\main\AndroidManifest.xml:118:13-51
139            android:exported="false"
139-->src\main\AndroidManifest.xml:119:13-37
140            android:windowSoftInputMode="adjustResize" />
140-->src\main\AndroidManifest.xml:120:13-55
141
142        <!-- Export PDF Activity -->
143        <activity
143-->src\main\AndroidManifest.xml:123:9-126:58
144            android:name="reader.aigd.ExportPDFActivity"
144-->src\main\AndroidManifest.xml:124:13-46
145            android:exported="false"
145-->src\main\AndroidManifest.xml:125:13-37
146            android:windowSoftInputMode="adjustResize" />
146-->src\main\AndroidManifest.xml:126:13-55
147
148        <!-- Export TXT Activity -->
149        <activity
149-->src\main\AndroidManifest.xml:129:9-132:58
150            android:name="reader.aigd.ExportTXTActivity"
150-->src\main\AndroidManifest.xml:130:13-46
151            android:exported="false"
151-->src\main\AndroidManifest.xml:131:13-37
152            android:windowSoftInputMode="adjustResize" />
152-->src\main\AndroidManifest.xml:132:13-55
153
154        <!-- Import Activity -->
155        <activity
155-->src\main\AndroidManifest.xml:135:9-138:58
156            android:name="reader.aigd.ImportActivity"
156-->src\main\AndroidManifest.xml:136:13-43
157            android:exported="false"
157-->src\main\AndroidManifest.xml:137:13-37
158            android:windowSoftInputMode="adjustResize" />
158-->src\main\AndroidManifest.xml:138:13-55
159
160        <!-- Share Activity -->
161        <activity
161-->src\main\AndroidManifest.xml:141:9-144:58
162            android:name="reader.aigd.ShareActivity"
162-->src\main\AndroidManifest.xml:142:13-42
163            android:exported="false"
163-->src\main\AndroidManifest.xml:143:13-37
164            android:windowSoftInputMode="adjustResize" />
164-->src\main\AndroidManifest.xml:144:13-55
165
166        <!-- Settings Activity -->
167        <activity
167-->src\main\AndroidManifest.xml:147:9-150:58
168            android:name="reader.aigd.SettingsActivity"
168-->src\main\AndroidManifest.xml:148:13-45
169            android:exported="false"
169-->src\main\AndroidManifest.xml:149:13-37
170            android:windowSoftInputMode="adjustResize" />
170-->src\main\AndroidManifest.xml:150:13-55
171
172        <!-- Stats Activity -->
173        <activity
173-->src\main\AndroidManifest.xml:153:9-156:58
174            android:name="reader.aigd.StatsActivity"
174-->src\main\AndroidManifest.xml:154:13-42
175            android:exported="false"
175-->src\main\AndroidManifest.xml:155:13-37
176            android:windowSoftInputMode="adjustResize" />
176-->src\main\AndroidManifest.xml:156:13-55
177
178        <!-- Print Activity -->
179        <activity
179-->src\main\AndroidManifest.xml:159:9-162:58
180            android:name="reader.aigd.PrintActivity"
180-->src\main\AndroidManifest.xml:160:13-42
181            android:exported="false"
181-->src\main\AndroidManifest.xml:161:13-37
182            android:windowSoftInputMode="adjustResize" />
182-->src\main\AndroidManifest.xml:162:13-55
183
184        <!-- ============================================== -->
185        <!-- SERVICES -->
186        <!-- ============================================== -->
187
188
189        <!-- Overlay Service (Floating Teleprompter) -->
190        <service
190-->src\main\AndroidManifest.xml:170:9-178:19
191            android:name="reader.aigd.OverlayService"
191-->src\main\AndroidManifest.xml:171:13-43
192            android:enabled="true"
192-->src\main\AndroidManifest.xml:172:13-35
193            android:exported="false"
193-->src\main\AndroidManifest.xml:173:13-37
194            android:foregroundServiceType="specialUse" >
194-->src\main\AndroidManifest.xml:174:13-55
195            <property
195-->src\main\AndroidManifest.xml:175:13-177:65
196                android:name="android.foreground_service_type_special_use"
196-->src\main\AndroidManifest.xml:176:17-75
197                android:value="floating_teleprompter_overlay" />
197-->src\main\AndroidManifest.xml:177:17-62
198        </service>
199
200        <activity
200-->src\main\AndroidManifest.xml:180:9-183:58
201            android:name="reader.aigd.VideoAdsActivity"
201-->src\main\AndroidManifest.xml:181:13-45
202            android:exported="false"
202-->src\main\AndroidManifest.xml:182:13-37
203            android:windowSoftInputMode="adjustResize" />
203-->src\main\AndroidManifest.xml:183:13-55
204        <activity
204-->src\main\AndroidManifest.xml:184:9-187:58
205            android:name="reader.aigd.OverlayActivity"
205-->src\main\AndroidManifest.xml:185:13-44
206            android:exported="false"
206-->src\main\AndroidManifest.xml:186:13-37
207            android:windowSoftInputMode="adjustResize" />
207-->src\main\AndroidManifest.xml:187:13-55
208
209        <provider
209-->[com.startapp:inapp-sdk:5.2.5] AndroidManifest.xml:22:9-25:40
210            android:name="com.startapp.sdk.adsbase.StartAppInitProvider"
210-->[com.startapp:inapp-sdk:5.2.5] AndroidManifest.xml:23:13-73
211            android:authorities="reader.aigd.startappinitprovider"
211-->[com.startapp:inapp-sdk:5.2.5] AndroidManifest.xml:24:13-72
212            android:exported="false" />
212-->[com.startapp:inapp-sdk:5.2.5] AndroidManifest.xml:25:13-37
213
214        <activity
214-->[com.startapp:inapp-sdk:5.2.5] AndroidManifest.xml:27:9-30:64
215            android:name="com.startapp.sdk.adsbase.consent.ConsentActivity"
215-->[com.startapp:inapp-sdk:5.2.5] AndroidManifest.xml:28:13-76
216            android:configChanges="orientation|screenSize|screenLayout|keyboardHidden"
216-->[com.startapp:inapp-sdk:5.2.5] AndroidManifest.xml:29:13-87
217            android:theme="@android:style/Theme.Translucent" />
217-->[com.startapp:inapp-sdk:5.2.5] AndroidManifest.xml:30:13-61
218        <activity
218-->[com.startapp:inapp-sdk:5.2.5] AndroidManifest.xml:31:9-33:52
219            android:name="com.startapp.sdk.ads.list3d.List3DActivity"
219-->[com.startapp:inapp-sdk:5.2.5] AndroidManifest.xml:32:13-70
220            android:theme="@android:style/Theme" />
220-->[com.startapp:inapp-sdk:5.2.5] AndroidManifest.xml:33:13-49
221        <activity
221-->[com.startapp:inapp-sdk:5.2.5] AndroidManifest.xml:34:9-37:64
222            android:name="com.startapp.sdk.ads.interstitials.OverlayActivity"
222-->[com.startapp:inapp-sdk:5.2.5] AndroidManifest.xml:35:13-78
223            android:configChanges="orientation|screenSize|screenLayout|keyboardHidden"
223-->[com.startapp:inapp-sdk:5.2.5] AndroidManifest.xml:36:13-87
224            android:theme="@android:style/Theme.Translucent" />
224-->[com.startapp:inapp-sdk:5.2.5] AndroidManifest.xml:37:13-61
225
226        <service android:name="com.startapp.sdk.cachedservice.BackgroundService" />
226-->[com.startapp:inapp-sdk:5.2.5] AndroidManifest.xml:39:9-84
226-->[com.startapp:inapp-sdk:5.2.5] AndroidManifest.xml:39:18-81
227        <service
227-->[com.startapp:inapp-sdk:5.2.5] AndroidManifest.xml:40:9-42:72
228            android:name="com.startapp.sdk.jobs.SchedulerService"
228-->[com.startapp:inapp-sdk:5.2.5] AndroidManifest.xml:41:13-66
229            android:permission="android.permission.BIND_JOB_SERVICE" />
229-->[com.startapp:inapp-sdk:5.2.5] AndroidManifest.xml:42:13-69
230
231        <receiver
231-->[com.startapp:inapp-sdk:5.2.5] AndroidManifest.xml:44:9-50:20
232            android:name="com.startapp.sdk.adsbase.remoteconfig.BootCompleteListener"
232-->[com.startapp:inapp-sdk:5.2.5] AndroidManifest.xml:45:13-86
233            android:exported="true" >
233-->[com.startapp:inapp-sdk:5.2.5] AndroidManifest.xml:46:13-36
234            <intent-filter>
234-->[com.startapp:inapp-sdk:5.2.5] AndroidManifest.xml:47:13-49:29
235                <action android:name="android.intent.action.BOOT_COMPLETED" />
235-->[com.startapp:inapp-sdk:5.2.5] AndroidManifest.xml:48:17-79
235-->[com.startapp:inapp-sdk:5.2.5] AndroidManifest.xml:48:25-76
236            </intent-filter>
237        </receiver>
238
239        <activity
239-->[com.google.android.gms:play-services-base:18.5.0] AndroidManifest.xml:5:9-173
240            android:name="com.google.android.gms.common.api.GoogleApiActivity"
240-->[com.google.android.gms:play-services-base:18.5.0] AndroidManifest.xml:5:19-85
241            android:exported="false"
241-->[com.google.android.gms:play-services-base:18.5.0] AndroidManifest.xml:5:146-170
242            android:theme="@android:style/Theme.Translucent.NoTitleBar" />
242-->[com.google.android.gms:play-services-base:18.5.0] AndroidManifest.xml:5:86-145
243
244        <meta-data
244-->[com.google.android.gms:play-services-basement:18.4.0] AndroidManifest.xml:6:9-122
245            android:name="com.google.android.gms.version"
245-->[com.google.android.gms:play-services-basement:18.4.0] AndroidManifest.xml:6:20-65
246            android:value="@integer/google_play_services_version" />
246-->[com.google.android.gms:play-services-basement:18.4.0] AndroidManifest.xml:6:66-119
247
248        <provider
248-->[androidx.emoji2:emoji2:1.3.0] AndroidManifest.xml:24:9-32:20
249            android:name="androidx.startup.InitializationProvider"
249-->[androidx.emoji2:emoji2:1.3.0] AndroidManifest.xml:25:13-67
250            android:authorities="reader.aigd.androidx-startup"
250-->[androidx.emoji2:emoji2:1.3.0] AndroidManifest.xml:26:13-68
251            android:exported="false" >
251-->[androidx.emoji2:emoji2:1.3.0] AndroidManifest.xml:27:13-37
252            <meta-data
252-->[androidx.emoji2:emoji2:1.3.0] AndroidManifest.xml:29:13-31:52
253                android:name="androidx.emoji2.text.EmojiCompatInitializer"
253-->[androidx.emoji2:emoji2:1.3.0] AndroidManifest.xml:30:17-75
254                android:value="androidx.startup" />
254-->[androidx.emoji2:emoji2:1.3.0] AndroidManifest.xml:31:17-49
255            <meta-data
255-->[androidx.lifecycle:lifecycle-process:2.6.2] AndroidManifest.xml:29:13-31:52
256                android:name="androidx.lifecycle.ProcessLifecycleInitializer"
256-->[androidx.lifecycle:lifecycle-process:2.6.2] AndroidManifest.xml:30:17-78
257                android:value="androidx.startup" />
257-->[androidx.lifecycle:lifecycle-process:2.6.2] AndroidManifest.xml:31:17-49
258            <meta-data
258-->[androidx.profileinstaller:profileinstaller:1.4.0] AndroidManifest.xml:29:13-31:52
259                android:name="androidx.profileinstaller.ProfileInstallerInitializer"
259-->[androidx.profileinstaller:profileinstaller:1.4.0] AndroidManifest.xml:30:17-85
260                android:value="androidx.startup" />
260-->[androidx.profileinstaller:profileinstaller:1.4.0] AndroidManifest.xml:31:17-49
261        </provider>
262
263        <receiver
263-->[androidx.profileinstaller:profileinstaller:1.4.0] AndroidManifest.xml:34:9-52:20
264            android:name="androidx.profileinstaller.ProfileInstallReceiver"
264-->[androidx.profileinstaller:profileinstaller:1.4.0] AndroidManifest.xml:35:13-76
265            android:directBootAware="false"
265-->[androidx.profileinstaller:profileinstaller:1.4.0] AndroidManifest.xml:36:13-44
266            android:enabled="true"
266-->[androidx.profileinstaller:profileinstaller:1.4.0] AndroidManifest.xml:37:13-35
267            android:exported="true"
267-->[androidx.profileinstaller:profileinstaller:1.4.0] AndroidManifest.xml:38:13-36
268            android:permission="android.permission.DUMP" >
268-->[androidx.profileinstaller:profileinstaller:1.4.0] AndroidManifest.xml:39:13-57
269            <intent-filter>
269-->[androidx.profileinstaller:profileinstaller:1.4.0] AndroidManifest.xml:40:13-42:29
270                <action android:name="androidx.profileinstaller.action.INSTALL_PROFILE" />
270-->[androidx.profileinstaller:profileinstaller:1.4.0] AndroidManifest.xml:41:17-91
270-->[androidx.profileinstaller:profileinstaller:1.4.0] AndroidManifest.xml:41:25-88
271            </intent-filter>
272            <intent-filter>
272-->[androidx.profileinstaller:profileinstaller:1.4.0] AndroidManifest.xml:43:13-45:29
273                <action android:name="androidx.profileinstaller.action.SKIP_FILE" />
273-->[androidx.profileinstaller:profileinstaller:1.4.0] AndroidManifest.xml:44:17-85
273-->[androidx.profileinstaller:profileinstaller:1.4.0] AndroidManifest.xml:44:25-82
274            </intent-filter>
275            <intent-filter>
275-->[androidx.profileinstaller:profileinstaller:1.4.0] AndroidManifest.xml:46:13-48:29
276                <action android:name="androidx.profileinstaller.action.SAVE_PROFILE" />
276-->[androidx.profileinstaller:profileinstaller:1.4.0] AndroidManifest.xml:47:17-88
276-->[androidx.profileinstaller:profileinstaller:1.4.0] AndroidManifest.xml:47:25-85
277            </intent-filter>
278            <intent-filter>
278-->[androidx.profileinstaller:profileinstaller:1.4.0] AndroidManifest.xml:49:13-51:29
279                <action android:name="androidx.profileinstaller.action.BENCHMARK_OPERATION" />
279-->[androidx.profileinstaller:profileinstaller:1.4.0] AndroidManifest.xml:50:17-95
279-->[androidx.profileinstaller:profileinstaller:1.4.0] AndroidManifest.xml:50:25-92
280            </intent-filter>
281        </receiver>
282    </application>
283
284</manifest>